<?xml version="1.0" encoding="UTF-8"?>
<!-- Generated by org.testng.reporters.JUnitReportReporter -->
<testsuite hostname="DESKTOP-OFPI017" failures="0" tests="1" name="stockmarket.TestComponent.BaseTest" time="51.890" errors="0" timestamp="2023-04-19T21:14:59 IST" skipped="0">
  <testcase classname="stockmarket.TestComponent.BaseTest" name="launchApplication" time="51.890"/>
  <system-out/>
</testsuite> <!-- stockmarket.TestComponent.BaseTest -->
