<?xml version="1.0" encoding="UTF-8"?>
<!-- Generated by org.testng.reporters.JUnitReportReporter -->
<testsuite hostname="DESKTOP-OFPI017" failures="0" tests="1" name="stockmarket.tests.SubmitOrder" time="51.021" errors="0" timestamp="2023-04-19T23:26:09 IST" skipped="0">
  <testcase classname="stockmarket.tests.SubmitOrder" name="submitOrder" time="51.021"/>
  <system-out/>
</testsuite> <!-- stockmarket.tests.SubmitOrder -->
